<?xml version="1.0" encoding="UTF-8"?>
<testsuite name="SILab2Test" tests="2" skipped="0" failures="0" errors="0" timestamp="2020-06-13T14:03:12" hostname="DESKTOP-K316MMN" time="0.003">
  <properties/>
  <testcase name="testEveryStatement" classname="SILab2Test" time="0.002"/>
  <testcase name="testEveryPath" classname="SILab2Test" time="0.0"/>
  <system-out><![CDATA[]]></system-out>
  <system-err><![CDATA[]]></system-err>
</testsuite>
